c:\users\hanni\onedrive\documents\github\engineutilities\engineutilities\intermediate\engineutilities\x64\debug\main.obj
c:\users\hanni\onedrive\documents\github\engineutilities\engineutilities\intermediate\engineutilities\x64\debug\testcvector4.obj
c:\users\hanni\onedrive\documents\github\engineutilities\engineutilities\intermediate\engineutilities\x64\debug\testcquaternion.obj
c:\users\hanni\onedrive\documents\github\engineutilities\engineutilities\intermediate\engineutilities\x64\debug\testcvector3.obj
c:\users\hanni\onedrive\documents\github\engineutilities\engineutilities\intermediate\engineutilities\x64\debug\testmatriz3x3.obj
c:\users\hanni\onedrive\documents\github\engineutilities\engineutilities\intermediate\engineutilities\x64\debug\testmatriz2x2.obj
c:\users\hanni\onedrive\documents\github\engineutilities\engineutilities\intermediate\engineutilities\x64\debug\testmatriz4x4.obj
c:\users\hanni\onedrive\documents\github\engineutilities\engineutilities\intermediate\engineutilities\x64\debug\enginemathtest.obj
c:\users\hanni\onedrive\documents\github\engineutilities\engineutilities\intermediate\engineutilities\x64\debug\testcvector2.obj
c:\users\hanni\onedrive\documents\github\engineutilities\engineutilities\intermediate\engineutilities\x64\debug\vc143.pdb
c:\users\hanni\onedrive\documents\github\engineutilities\engineutilities\bin\x64\engineutilities_d.exe
c:\users\hanni\onedrive\documents\github\engineutilities\engineutilities\bin\x64\engineutilities_d.pdb
c:\users\hanni\onedrive\documents\github\engineutilities\engineutilities\intermediate\engineutilities\x64\debug\engineutilities_d.ilk
c:\users\hanni\onedrive\documents\github\engineutilities\engineutilities\intermediate\engineutilities\x64\debug\vc143.idb
c:\users\hanni\onedrive\documents\github\engineutilities\engineutilities\bin/x64/engineutilities_d.pdb
c:\users\hanni\onedrive\documents\github\engineutilities\engineutilities\intermediate/engineutilities/x64/debug/engineutilities.vcxproj.filelistabsolute.txt
c:\users\hanni\onedrive\documents\github\engineutilities\engineutilities\intermediate\engineutilities\x64\debug\engineutilities.tlog\cl.19608.write.1.tlog
c:\users\hanni\onedrive\documents\github\engineutilities\engineutilities\intermediate\engineutilities\x64\debug\engineutilities.tlog\cl.command.1.tlog
c:\users\hanni\onedrive\documents\github\engineutilities\engineutilities\intermediate\engineutilities\x64\debug\engineutilities.tlog\cl.items.tlog
c:\users\hanni\onedrive\documents\github\engineutilities\engineutilities\intermediate\engineutilities\x64\debug\engineutilities.tlog\cl.read.1.tlog
c:\users\hanni\onedrive\documents\github\engineutilities\engineutilities\intermediate\engineutilities\x64\debug\engineutilities.tlog\link.command.1.tlog
c:\users\hanni\onedrive\documents\github\engineutilities\engineutilities\intermediate\engineutilities\x64\debug\engineutilities.tlog\link.read.1.tlog
c:\users\hanni\onedrive\documents\github\engineutilities\engineutilities\intermediate\engineutilities\x64\debug\engineutilities.tlog\link.secondary.1.tlog
c:\users\hanni\onedrive\documents\github\engineutilities\engineutilities\intermediate\engineutilities\x64\debug\engineutilities.tlog\link.write.1.tlog
